----------------------------------------
Timestamp: 12/10/2012 10:38:29 AM

Message: Shutting down threadpool...


----------------------------------------
----------------------------------------
Timestamp: 12/10/2012 10:38:29 AM

Message: Thread pool 'ThreadPool': Shutdown of thread pool completed. All currently running threads will finish their work and stop.


----------------------------------------
----------------------------------------
Timestamp: 12/10/2012 10:38:29 AM

Message: WorkerThread is shut down


----------------------------------------
----------------------------------------
Timestamp: 12/10/2012 10:38:29 AM

Message: WorkerThread is shut down


----------------------------------------
----------------------------------------
Timestamp: 12/10/2012 10:38:29 AM

Message: WorkerThread is shut down


----------------------------------------
----------------------------------------
Timestamp: 12/10/2012 10:38:29 AM

Message: WorkerThread is shut down


----------------------------------------
----------------------------------------
Timestamp: 12/10/2012 10:38:29 AM

Message: Background task scheduler shut down


----------------------------------------
----------------------------------------
Timestamp: 12/10/2012 10:38:59 AM

Message: Shutting down threadpool...


----------------------------------------
----------------------------------------
Timestamp: 12/10/2012 10:38:59 AM

Message: Thread pool 'ThreadPool': Shutdown of thread pool completed. Threads aborted.


----------------------------------------
