----------------------------------------
Timestamp: 12/5/2012 11:03:15 AM

Message: HandlingInstanceID: 5a27fef0-a13d-4e02-b5aa-4498c7b5c2bc
An exception of type 'System.Security.Cryptography.CryptographicException' occurred and was caught.
---------------------------------------------------------------------------------------------------
12/05/2012 13:03:15
Type : System.Security.Cryptography.CryptographicException, mscorlib, Version=4.0.0.0, Culture=neutral, PublicKeyToken=b77a5c561934e089
Message : Specified key is a known weak key for 'TripleDES' and cannot be used.
Source : mscorlib
Help link : 
Data : System.Collections.ListDictionaryInternal
TargetSite : System.Security.Cryptography.ICryptoTransform CreateDecryptor(Byte[], Byte[])
HResult : -2146233296
Stack Trace :    at System.Security.Cryptography.TripleDESCryptoServiceProvider.CreateDecryptor(Byte[] rgbKey, Byte[] rgbIV)
   at Telerik.Sitefinity.Security.SecurityManager.DecryptData(Byte[] data)
   at Microsoft.IdentityModel.Tokens.SessionSecurityTokenHandler.ApplyTransforms(Byte[] cookie, Boolean outbound)
   at Microsoft.IdentityModel.Tokens.SessionSecurityTokenHandler.ReadToken(XmlReader reader, SecurityTokenResolver tokenResolver)
   at Microsoft.IdentityModel.Tokens.SessionSecurityTokenHandler.ReadToken(Byte[] token, SecurityTokenResolver tokenResolver)
   at Telerik.Sitefinity.Security.Claims.SitefinitySessionAuthenticationModule.ReadToken(Byte[] sessionCookie)

Additional Info:

MachineName : OSMAK
TimeStamp : 12/5/2012 11:03:15 AM
FullName : Telerik.Sitefinity.Utilities, Version=5.2.3800.0, Culture=neutral, PublicKeyToken=b28c218413bdf563
AppDomainName : /LM/W3SVC/7/ROOT-2-129991789776121940
ThreadIdentity : 
WindowsIdentity : NT AUTHORITY\SYSTEM
Requested URL : http://localhost:8012/WebResource.axd?d=r-gE9ZUhjjqE3MKdwWMdsNXvuHADcPFc0ptCdrQ2kReYbagyP9J_GcTOoFOs7Uo0xqRgqXc8bdFsMezixzgfqSULRG2XV0ZSw3p_DB_rs2lmZxYBSWkUB2bgC0tdGnsemxm9jxqviBrQGXnkjyve9DlCYsWBuhMmWfr7ZEHU-HTlcgJB6vRQcdPJIRmMa4qLVxQcdE68S8QfEVL0hAK6QkrLNd6cpSV9seRJWWfvT3s1&t=634882427240000000


Category: ErrorLog

Priority: 0

EventId: 9010

Severity: Warning

Title:Enterprise Library Exception Handling

Machine: OSMAK

App Domain: /LM/W3SVC/7/ROOT-2-129991789776121940

ProcessId: 13548

Process Name: c:\windows\system32\inetsrv\w3wp.exe

Thread Name: 

Win32 ThreadId:5304

Extended Properties: 
----------------------------------------
----------------------------------------
Timestamp: 12/5/2012 11:04:40 AM

Message: HandlingInstanceID: d8e86979-9d9e-42cd-bb8b-a31d170817ef
An exception of type 'System.Web.HttpParseException' occurred and was caught.
-----------------------------------------------------------------------------
12/05/2012 13:04:40
Type : System.Web.HttpParseException, System.Web, Version=4.0.0.0, Culture=neutral, PublicKeyToken=b03f5f7f11d50a3a
Message : The method or operation is not implemented.
Source : System.Web
Help link : 
FileName : Access failed
VirtualPath : 
Line : 0
ParserErrors : System.Web.ParserErrorCollection
WebEventCode : 0
ErrorCode : -2147467259
Data : System.Collections.ListDictionaryInternal
TargetSite : Void ProcessException(System.Exception)
HResult : -2147467259
Stack Trace :    at System.Web.UI.TemplateParser.ProcessException(Exception ex)
   at System.Web.UI.TemplateParser.ParseStringInternal(String text, Encoding fileEncoding)
   at System.Web.UI.TemplateParser.ParseString(String text, VirtualPath virtualPath, Encoding fileEncoding)

Additional Info:

MachineName : OSMAK
TimeStamp : 12/5/2012 11:04:40 AM
FullName : Telerik.Sitefinity.Utilities, Version=5.2.3800.0, Culture=neutral, PublicKeyToken=b28c218413bdf563
AppDomainName : /LM/W3SVC/7/ROOT-2-129991789776121940
ThreadIdentity : admin
WindowsIdentity : NT AUTHORITY\SYSTEM
Requested URL : http://localhost:8012/page-1/Action/Edit
	Inner Exception
	---------------
	Type : System.NotImplementedException, mscorlib, Version=4.0.0.0, Culture=neutral, PublicKeyToken=b77a5c561934e089
	Message : The method or operation is not implemented.
	Source : SitefinityWebApp
	Help link : 
	Data : System.Collections.ListDictionaryInternal
	TargetSite : System.Collections.ICollection GetImplicitResourceKeys(System.String)
	HResult : -2147467263
	Stack Trace :    at SitefinityWebApp.Patches.ImplicitLocalization.LocalResourceProvider2.GetImplicitResourceKeys(String keyPrefix) in c:\SitefinityPatches\implicit-localization-patch\Patches\ImplicitLocalization\LocalResourceProvider2.cs:line 122
	   at System.Web.UI.ControlBuilder.ProcessImplicitResources(ParsedAttributeCollection attribs)
	   at System.Web.UI.ControlBuilder.PreprocessAttributes(ParsedAttributeCollection attribs)
	   at System.Web.UI.ControlBuilder.Init(TemplateParser parser, ControlBuilder parentBuilder, Type type, String tagName, String id, IDictionary attribs)
	   at System.Web.UI.ControlBuilder.CreateBuilderFromType(TemplateParser parser, ControlBuilder parentBuilder, Type type, String tagName, String id, IDictionary attribs, Int32 line, String sourceFileName)
	   at System.Web.UI.ControlBuilder.CreateChildBuilder(String filter, String tagName, IDictionary attribs, TemplateParser parser, ControlBuilder parentBuilder, String id, Int32 line, VirtualPath virtualPath, Type& childType, Boolean defaultProperty)
	   at System.Web.UI.TemplateParser.ProcessBeginTag(Match match, String inputText)
	   at System.Web.UI.TemplateParser.ParseStringInternal(String text, Encoding fileEncoding)



Category: ErrorLog

Priority: 0

EventId: 90000

Severity: Error

Title:Enterprise Library Exception Handling

Machine: OSMAK

App Domain: /LM/W3SVC/7/ROOT-2-129991789776121940

ProcessId: 13548

Process Name: c:\windows\system32\inetsrv\w3wp.exe

Thread Name: 

Win32 ThreadId:10476

Extended Properties: 
----------------------------------------
----------------------------------------
Timestamp: 12/5/2012 11:05:41 AM

Message: HandlingInstanceID: 25c2dc44-96ec-442a-959d-da6ef34e2a2e
An exception of type 'System.Web.HttpParseException' occurred and was caught.
-----------------------------------------------------------------------------
12/05/2012 13:05:41
Type : System.Web.HttpParseException, System.Web, Version=4.0.0.0, Culture=neutral, PublicKeyToken=b03f5f7f11d50a3a
Message : The method or operation is not implemented.
Source : System.Web
Help link : 
FileName : Access failed
VirtualPath : 
Line : 0
ParserErrors : System.Web.ParserErrorCollection
WebEventCode : 0
ErrorCode : -2147467259
Data : System.Collections.ListDictionaryInternal
TargetSite : Void ProcessException(System.Exception)
HResult : -2147467259
Stack Trace :    at System.Web.UI.TemplateParser.ProcessException(Exception ex)
   at System.Web.UI.TemplateParser.ParseStringInternal(String text, Encoding fileEncoding)
   at System.Web.UI.TemplateParser.ParseString(String text, VirtualPath virtualPath, Encoding fileEncoding)

Additional Info:

MachineName : OSMAK
TimeStamp : 12/5/2012 11:05:41 AM
FullName : Telerik.Sitefinity.Utilities, Version=5.2.3800.0, Culture=neutral, PublicKeyToken=b28c218413bdf563
AppDomainName : /LM/W3SVC/7/ROOT-3-129991791239621940
ThreadIdentity : admin
WindowsIdentity : NT AUTHORITY\SYSTEM
Requested URL : http://localhost:8012/page-1/Action/Edit
	Inner Exception
	---------------
	Type : System.NotImplementedException, mscorlib, Version=4.0.0.0, Culture=neutral, PublicKeyToken=b77a5c561934e089
	Message : The method or operation is not implemented.
	Source : SitefinityWebApp
	Help link : 
	Data : System.Collections.ListDictionaryInternal
	TargetSite : System.Collections.ICollection GetImplicitResourceKeys(System.String)
	HResult : -2147467263
	Stack Trace :    at SitefinityWebApp.Patches.ImplicitLocalization.LocalResourceProvider2.GetImplicitResourceKeys(String keyPrefix) in c:\SitefinityPatches\implicit-localization-patch\Patches\ImplicitLocalization\LocalResourceProvider2.cs:line 122
	   at System.Web.UI.ControlBuilder.ProcessImplicitResources(ParsedAttributeCollection attribs)
	   at System.Web.UI.ControlBuilder.PreprocessAttributes(ParsedAttributeCollection attribs)
	   at System.Web.UI.ControlBuilder.Init(TemplateParser parser, ControlBuilder parentBuilder, Type type, String tagName, String id, IDictionary attribs)
	   at System.Web.UI.ControlBuilder.CreateBuilderFromType(TemplateParser parser, ControlBuilder parentBuilder, Type type, String tagName, String id, IDictionary attribs, Int32 line, String sourceFileName)
	   at System.Web.UI.ControlBuilder.CreateChildBuilder(String filter, String tagName, IDictionary attribs, TemplateParser parser, ControlBuilder parentBuilder, String id, Int32 line, VirtualPath virtualPath, Type& childType, Boolean defaultProperty)
	   at System.Web.UI.TemplateParser.ProcessBeginTag(Match match, String inputText)
	   at System.Web.UI.TemplateParser.ParseStringInternal(String text, Encoding fileEncoding)



Category: ErrorLog

Priority: 0

EventId: 90000

Severity: Error

Title:Enterprise Library Exception Handling

Machine: OSMAK

App Domain: /LM/W3SVC/7/ROOT-3-129991791239621940

ProcessId: 13548

Process Name: c:\windows\system32\inetsrv\w3wp.exe

Thread Name: 

Win32 ThreadId:10476

Extended Properties: 
----------------------------------------
----------------------------------------
Timestamp: 12/5/2012 11:07:13 AM

Message: HandlingInstanceID: 81f5a6c9-9296-4072-8349-c04260566cf3
An exception of type 'System.Web.HttpParseException' occurred and was caught.
-----------------------------------------------------------------------------
12/05/2012 13:07:13
Type : System.Web.HttpParseException, System.Web, Version=4.0.0.0, Culture=neutral, PublicKeyToken=b03f5f7f11d50a3a
Message : The method or operation is not implemented.
Source : System.Web
Help link : 
FileName : Access failed
VirtualPath : 
Line : 0
ParserErrors : System.Web.ParserErrorCollection
WebEventCode : 0
ErrorCode : -2147467259
Data : System.Collections.ListDictionaryInternal
TargetSite : Void ProcessException(System.Exception)
HResult : -2147467259
Stack Trace :    at System.Web.UI.TemplateParser.ProcessException(Exception ex)
   at System.Web.UI.TemplateParser.ParseStringInternal(String text, Encoding fileEncoding)
   at System.Web.UI.TemplateParser.ParseString(String text, VirtualPath virtualPath, Encoding fileEncoding)

Additional Info:

MachineName : OSMAK
TimeStamp : 12/5/2012 11:07:13 AM
FullName : Telerik.Sitefinity.Utilities, Version=5.2.3800.0, Culture=neutral, PublicKeyToken=b28c218413bdf563
AppDomainName : /LM/W3SVC/7/ROOT-4-129991792094041940
ThreadIdentity : admin
WindowsIdentity : NT AUTHORITY\SYSTEM
Requested URL : http://localhost:8012/page-1/Action/Edit
	Inner Exception
	---------------
	Type : System.NotImplementedException, mscorlib, Version=4.0.0.0, Culture=neutral, PublicKeyToken=b77a5c561934e089
	Message : The method or operation is not implemented.
	Source : SitefinityWebApp
	Help link : 
	Data : System.Collections.ListDictionaryInternal
	TargetSite : System.String[] ResolveResourceFilePaths(System.String)
	HResult : -2147467263
	Stack Trace :    at SitefinityWebApp.Patches.ImplicitLocalization.ResourceFileResolver.ResolveResourceFilePaths(String virtualPath) in c:\SitefinityPatches\implicit-localization-patch\Patches\ImplicitLocalization\ResourceFileResolver.cs:line 10
	   at SitefinityWebApp.Patches.ImplicitLocalization.LocalResourceProvider2.get_ResourceReader() in c:\SitefinityPatches\implicit-localization-patch\Patches\ImplicitLocalization\LocalResourceProvider2.cs:line 104
	   at SitefinityWebApp.Patches.ImplicitLocalization.LocalResourceProvider2.GetImplicitResourceKeys(String keyPrefix) in c:\SitefinityPatches\implicit-localization-patch\Patches\ImplicitLocalization\LocalResourceProvider2.cs:line 125
	   at System.Web.UI.ControlBuilder.ProcessImplicitResources(ParsedAttributeCollection attribs)
	   at System.Web.UI.ControlBuilder.PreprocessAttributes(ParsedAttributeCollection attribs)
	   at System.Web.UI.ControlBuilder.Init(TemplateParser parser, ControlBuilder parentBuilder, Type type, String tagName, String id, IDictionary attribs)
	   at System.Web.UI.ControlBuilder.CreateBuilderFromType(TemplateParser parser, ControlBuilder parentBuilder, Type type, String tagName, String id, IDictionary attribs, Int32 line, String sourceFileName)
	   at System.Web.UI.ControlBuilder.CreateChildBuilder(String filter, String tagName, IDictionary attribs, TemplateParser parser, ControlBuilder parentBuilder, String id, Int32 line, VirtualPath virtualPath, Type& childType, Boolean defaultProperty)
	   at System.Web.UI.TemplateParser.ProcessBeginTag(Match match, String inputText)
	   at System.Web.UI.TemplateParser.ParseStringInternal(String text, Encoding fileEncoding)



Category: ErrorLog

Priority: 0

EventId: 90000

Severity: Error

Title:Enterprise Library Exception Handling

Machine: OSMAK

App Domain: /LM/W3SVC/7/ROOT-4-129991792094041940

ProcessId: 13548

Process Name: c:\windows\system32\inetsrv\w3wp.exe

Thread Name: 

Win32 ThreadId:5304

Extended Properties: 
----------------------------------------
----------------------------------------
Timestamp: 12/5/2012 11:07:47 AM

Message: HandlingInstanceID: 47f17136-06cf-472b-83c9-5a532bad4844
An exception of type 'System.Web.HttpParseException' occurred and was caught.
-----------------------------------------------------------------------------
12/05/2012 13:07:47
Type : System.Web.HttpParseException, System.Web, Version=4.0.0.0, Culture=neutral, PublicKeyToken=b03f5f7f11d50a3a
Message : The method or operation is not implemented.
Source : System.Web
Help link : 
FileName : Access failed
VirtualPath : 
Line : 0
ParserErrors : System.Web.ParserErrorCollection
WebEventCode : 0
ErrorCode : -2147467259
Data : System.Collections.ListDictionaryInternal
TargetSite : Void ProcessException(System.Exception)
HResult : -2147467259
Stack Trace :    at System.Web.UI.TemplateParser.ProcessException(Exception ex)
   at System.Web.UI.TemplateParser.ParseStringInternal(String text, Encoding fileEncoding)
   at System.Web.UI.TemplateParser.ParseString(String text, VirtualPath virtualPath, Encoding fileEncoding)

Additional Info:

MachineName : OSMAK
TimeStamp : 12/5/2012 11:07:47 AM
FullName : Telerik.Sitefinity.Utilities, Version=5.2.3800.0, Culture=neutral, PublicKeyToken=b28c218413bdf563
AppDomainName : /LM/W3SVC/7/ROOT-4-129991792094041940
ThreadIdentity : admin
WindowsIdentity : NT AUTHORITY\SYSTEM
Requested URL : http://localhost:8012/page-1/Action/Edit
	Inner Exception
	---------------
	Type : System.NotImplementedException, mscorlib, Version=4.0.0.0, Culture=neutral, PublicKeyToken=b77a5c561934e089
	Message : The method or operation is not implemented.
	Source : SitefinityWebApp
	Help link : 
	Data : System.Collections.ListDictionaryInternal
	TargetSite : System.String[] ResolveResourceFilePaths(System.String)
	HResult : -2147467263
	Stack Trace :    at SitefinityWebApp.Patches.ImplicitLocalization.ResourceFileResolver.ResolveResourceFilePaths(String virtualPath) in c:\SitefinityPatches\implicit-localization-patch\Patches\ImplicitLocalization\ResourceFileResolver.cs:line 10
	   at SitefinityWebApp.Patches.ImplicitLocalization.LocalResourceProvider2.get_ResourceReader() in c:\SitefinityPatches\implicit-localization-patch\Patches\ImplicitLocalization\LocalResourceProvider2.cs:line 104
	   at SitefinityWebApp.Patches.ImplicitLocalization.LocalResourceProvider2.GetImplicitResourceKeys(String keyPrefix) in c:\SitefinityPatches\implicit-localization-patch\Patches\ImplicitLocalization\LocalResourceProvider2.cs:line 125
	   at System.Web.UI.ControlBuilder.ProcessImplicitResources(ParsedAttributeCollection attribs)
	   at System.Web.UI.ControlBuilder.PreprocessAttributes(ParsedAttributeCollection attribs)
	   at System.Web.UI.ControlBuilder.Init(TemplateParser parser, ControlBuilder parentBuilder, Type type, String tagName, String id, IDictionary attribs)
	   at System.Web.UI.ControlBuilder.CreateBuilderFromType(TemplateParser parser, ControlBuilder parentBuilder, Type type, String tagName, String id, IDictionary attribs, Int32 line, String sourceFileName)
	   at System.Web.UI.ControlBuilder.CreateChildBuilder(String filter, String tagName, IDictionary attribs, TemplateParser parser, ControlBuilder parentBuilder, String id, Int32 line, VirtualPath virtualPath, Type& childType, Boolean defaultProperty)
	   at System.Web.UI.TemplateParser.ProcessBeginTag(Match match, String inputText)
	   at System.Web.UI.TemplateParser.ParseStringInternal(String text, Encoding fileEncoding)



Category: ErrorLog

Priority: 0

EventId: 90000

Severity: Error

Title:Enterprise Library Exception Handling

Machine: OSMAK

App Domain: /LM/W3SVC/7/ROOT-4-129991792094041940

ProcessId: 13548

Process Name: c:\windows\system32\inetsrv\w3wp.exe

Thread Name: 

Win32 ThreadId:9736

Extended Properties: 
----------------------------------------
----------------------------------------
Timestamp: 12/5/2012 11:10:51 AM

Message: HandlingInstanceID: f78377b5-21bd-4b17-8d84-9e7506f4c181
An exception of type 'System.Web.HttpParseException' occurred and was caught.
-----------------------------------------------------------------------------
12/05/2012 13:10:51
Type : System.Web.HttpParseException, System.Web, Version=4.0.0.0, Culture=neutral, PublicKeyToken=b03f5f7f11d50a3a
Message : Type 'System.Web.UI.WebControls.Literal' does not have a public property named 'Text$hr-HR'.
Source : System.Web
Help link : 
FileName : Access failed
VirtualPath : 
Line : 0
ParserErrors : System.Web.ParserErrorCollection
WebEventCode : 0
ErrorCode : -2147467259
Data : System.Collections.ListDictionaryInternal
TargetSite : Void ProcessException(System.Exception)
HResult : -2147467259
Stack Trace :    at System.Web.UI.TemplateParser.ProcessException(Exception ex)
   at System.Web.UI.TemplateParser.ParseStringInternal(String text, Encoding fileEncoding)
   at System.Web.UI.TemplateParser.ParseString(String text, VirtualPath virtualPath, Encoding fileEncoding)

Additional Info:

MachineName : OSMAK
TimeStamp : 12/5/2012 11:10:51 AM
FullName : Telerik.Sitefinity.Utilities, Version=5.2.3800.0, Culture=neutral, PublicKeyToken=b28c218413bdf563
AppDomainName : /LM/W3SVC/7/ROOT-5-129991794278391940
ThreadIdentity : admin
WindowsIdentity : NT AUTHORITY\SYSTEM
Requested URL : http://localhost:8012/page-1/Action/Edit
	Inner Exception
	---------------
	Type : System.Web.HttpException, System.Web, Version=4.0.0.0, Culture=neutral, PublicKeyToken=b03f5f7f11d50a3a
	Message : Type 'System.Web.UI.WebControls.Literal' does not have a public property named 'Text$hr-HR'.
	Source : System.Web
	Help link : 
	WebEventCode : 0
	ErrorCode : -2147467259
	Data : System.Collections.ListDictionaryInternal
	TargetSite : Void FillUpBoundPropertyEntry(System.Web.UI.BoundPropertyEntry, System.String)
	HResult : -2147467259
	Stack Trace :    at System.Web.UI.ControlBuilder.FillUpBoundPropertyEntry(BoundPropertyEntry entry, String name)
	   at System.Web.UI.ControlBuilder.AddBoundProperty(String filter, String name, String expressionPrefix, String expression, ExpressionBuilder expressionBuilder, Object parsedExpressionData, Boolean generated, String fieldName, String formatString, Boolean twoWayBound, Boolean encode, Int32 line, Int32 column)
	   at System.Web.UI.ControlBuilder.ProcessImplicitResources(ParsedAttributeCollection attribs)
	   at System.Web.UI.ControlBuilder.PreprocessAttributes(ParsedAttributeCollection attribs)
	   at System.Web.UI.ControlBuilder.Init(TemplateParser parser, ControlBuilder parentBuilder, Type type, String tagName, String id, IDictionary attribs)
	   at System.Web.UI.ControlBuilder.CreateBuilderFromType(TemplateParser parser, ControlBuilder parentBuilder, Type type, String tagName, String id, IDictionary attribs, Int32 line, String sourceFileName)
	   at System.Web.UI.ControlBuilder.CreateChildBuilder(String filter, String tagName, IDictionary attribs, TemplateParser parser, ControlBuilder parentBuilder, String id, Int32 line, VirtualPath virtualPath, Type& childType, Boolean defaultProperty)
	   at System.Web.UI.TemplateParser.ProcessBeginTag(Match match, String inputText)
	   at System.Web.UI.TemplateParser.ParseStringInternal(String text, Encoding fileEncoding)



Category: ErrorLog

Priority: 0

EventId: 90000

Severity: Error

Title:Enterprise Library Exception Handling

Machine: OSMAK

App Domain: /LM/W3SVC/7/ROOT-5-129991794278391940

ProcessId: 13548

Process Name: c:\windows\system32\inetsrv\w3wp.exe

Thread Name: 

Win32 ThreadId:10536

Extended Properties: 
----------------------------------------
----------------------------------------
Timestamp: 12/5/2012 11:11:15 AM

Message: HandlingInstanceID: fe970cd8-66ad-4d19-b7ce-a4c4cb56c775
An exception of type 'System.Web.HttpParseException' occurred and was caught.
-----------------------------------------------------------------------------
12/05/2012 13:11:15
Type : System.Web.HttpParseException, System.Web, Version=4.0.0.0, Culture=neutral, PublicKeyToken=b03f5f7f11d50a3a
Message : Type 'System.Web.UI.WebControls.Literal' does not have a public property named 'Text$hr-HR'.
Source : System.Web
Help link : 
FileName : Access failed
VirtualPath : 
Line : 0
ParserErrors : System.Web.ParserErrorCollection
WebEventCode : 0
ErrorCode : -2147467259
Data : System.Collections.ListDictionaryInternal
TargetSite : Void ProcessException(System.Exception)
HResult : -2147467259
Stack Trace :    at System.Web.UI.TemplateParser.ProcessException(Exception ex)
   at System.Web.UI.TemplateParser.ParseStringInternal(String text, Encoding fileEncoding)
   at System.Web.UI.TemplateParser.ParseString(String text, VirtualPath virtualPath, Encoding fileEncoding)

Additional Info:

MachineName : OSMAK
TimeStamp : 12/5/2012 11:11:15 AM
FullName : Telerik.Sitefinity.Utilities, Version=5.2.3800.0, Culture=neutral, PublicKeyToken=b28c218413bdf563
AppDomainName : /LM/W3SVC/7/ROOT-5-129991794278391940
ThreadIdentity : admin
WindowsIdentity : NT AUTHORITY\SYSTEM
Requested URL : http://localhost:8012/page-1/Action/Edit
	Inner Exception
	---------------
	Type : System.Web.HttpException, System.Web, Version=4.0.0.0, Culture=neutral, PublicKeyToken=b03f5f7f11d50a3a
	Message : Type 'System.Web.UI.WebControls.Literal' does not have a public property named 'Text$hr-HR'.
	Source : System.Web
	Help link : 
	WebEventCode : 0
	ErrorCode : -2147467259
	Data : System.Collections.ListDictionaryInternal
	TargetSite : Void FillUpBoundPropertyEntry(System.Web.UI.BoundPropertyEntry, System.String)
	HResult : -2147467259
	Stack Trace :    at System.Web.UI.ControlBuilder.FillUpBoundPropertyEntry(BoundPropertyEntry entry, String name)
	   at System.Web.UI.ControlBuilder.AddBoundProperty(String filter, String name, String expressionPrefix, String expression, ExpressionBuilder expressionBuilder, Object parsedExpressionData, Boolean generated, String fieldName, String formatString, Boolean twoWayBound, Boolean encode, Int32 line, Int32 column)
	   at System.Web.UI.ControlBuilder.ProcessImplicitResources(ParsedAttributeCollection attribs)
	   at System.Web.UI.ControlBuilder.PreprocessAttributes(ParsedAttributeCollection attribs)
	   at System.Web.UI.ControlBuilder.Init(TemplateParser parser, ControlBuilder parentBuilder, Type type, String tagName, String id, IDictionary attribs)
	   at System.Web.UI.ControlBuilder.CreateBuilderFromType(TemplateParser parser, ControlBuilder parentBuilder, Type type, String tagName, String id, IDictionary attribs, Int32 line, String sourceFileName)
	   at System.Web.UI.ControlBuilder.CreateChildBuilder(String filter, String tagName, IDictionary attribs, TemplateParser parser, ControlBuilder parentBuilder, String id, Int32 line, VirtualPath virtualPath, Type& childType, Boolean defaultProperty)
	   at System.Web.UI.TemplateParser.ProcessBeginTag(Match match, String inputText)
	   at System.Web.UI.TemplateParser.ParseStringInternal(String text, Encoding fileEncoding)



Category: ErrorLog

Priority: 0

EventId: 90000

Severity: Error

Title:Enterprise Library Exception Handling

Machine: OSMAK

App Domain: /LM/W3SVC/7/ROOT-5-129991794278391940

ProcessId: 13548

Process Name: c:\windows\system32\inetsrv\w3wp.exe

Thread Name: 

Win32 ThreadId:10536

Extended Properties: 
----------------------------------------
----------------------------------------
Timestamp: 12/5/2012 11:12:22 AM

Message: HandlingInstanceID: e53862eb-2461-4057-a698-241496559458
An exception of type 'System.Web.HttpParseException' occurred and was caught.
-----------------------------------------------------------------------------
12/05/2012 13:12:22
Type : System.Web.HttpParseException, System.Web, Version=4.0.0.0, Culture=neutral, PublicKeyToken=b03f5f7f11d50a3a
Message : Cannot have more than one binding on property 'Text' on 'System.Web.UI.WebControls.Literal'. Ensure that this property is not bound through an implicit expression, for example, using meta:resourcekey.
Source : System.Web
Help link : 
FileName : Access failed
VirtualPath : 
Line : 0
ParserErrors : System.Web.ParserErrorCollection
WebEventCode : 0
ErrorCode : -2147467259
Data : System.Collections.ListDictionaryInternal
TargetSite : Void ProcessException(System.Exception)
HResult : -2147467259
Stack Trace :    at System.Web.UI.TemplateParser.ProcessException(Exception ex)
   at System.Web.UI.TemplateParser.ParseStringInternal(String text, Encoding fileEncoding)
   at System.Web.UI.TemplateParser.ParseString(String text, VirtualPath virtualPath, Encoding fileEncoding)

Additional Info:

MachineName : OSMAK
TimeStamp : 12/5/2012 11:12:22 AM
FullName : Telerik.Sitefinity.Utilities, Version=5.2.3800.0, Culture=neutral, PublicKeyToken=b28c218413bdf563
AppDomainName : /LM/W3SVC/7/ROOT-6-129991795191431940
ThreadIdentity : admin
WindowsIdentity : NT AUTHORITY\SYSTEM
Requested URL : http://localhost:8012/page-1/Action/Edit
	Inner Exception
	---------------
	Type : System.InvalidOperationException, mscorlib, Version=4.0.0.0, Culture=neutral, PublicKeyToken=b77a5c561934e089
	Message : Cannot have more than one binding on property 'Text' on 'System.Web.UI.WebControls.Literal'. Ensure that this property is not bound through an implicit expression, for example, using meta:resourcekey.
	Source : System.Web
	Help link : 
	Data : System.Collections.ListDictionaryInternal
	TargetSite : Void AddBoundProperty(System.String, System.String, System.String, System.String, System.Web.Compilation.ExpressionBuilder, System.Object, Boolean, System.String, System.String, Boolean, Boolean, Int32, Int32)
	HResult : -2146233079
	Stack Trace :    at System.Web.UI.ControlBuilder.AddBoundProperty(String filter, String name, String expressionPrefix, String expression, ExpressionBuilder expressionBuilder, Object parsedExpressionData, Boolean generated, String fieldName, String formatString, Boolean twoWayBound, Boolean encode, Int32 line, Int32 column)
	   at System.Web.UI.ControlBuilder.ProcessImplicitResources(ParsedAttributeCollection attribs)
	   at System.Web.UI.ControlBuilder.PreprocessAttributes(ParsedAttributeCollection attribs)
	   at System.Web.UI.ControlBuilder.Init(TemplateParser parser, ControlBuilder parentBuilder, Type type, String tagName, String id, IDictionary attribs)
	   at System.Web.UI.ControlBuilder.CreateBuilderFromType(TemplateParser parser, ControlBuilder parentBuilder, Type type, String tagName, String id, IDictionary attribs, Int32 line, String sourceFileName)
	   at System.Web.UI.ControlBuilder.CreateChildBuilder(String filter, String tagName, IDictionary attribs, TemplateParser parser, ControlBuilder parentBuilder, String id, Int32 line, VirtualPath virtualPath, Type& childType, Boolean defaultProperty)
	   at System.Web.UI.TemplateParser.ProcessBeginTag(Match match, String inputText)
	   at System.Web.UI.TemplateParser.ParseStringInternal(String text, Encoding fileEncoding)



Category: ErrorLog

Priority: 0

EventId: 90000

Severity: Error

Title:Enterprise Library Exception Handling

Machine: OSMAK

App Domain: /LM/W3SVC/7/ROOT-6-129991795191431940

ProcessId: 13548

Process Name: c:\windows\system32\inetsrv\w3wp.exe

Thread Name: 

Win32 ThreadId:10536

Extended Properties: 
----------------------------------------
----------------------------------------
Timestamp: 12/5/2012 11:14:55 AM

Message: HandlingInstanceID: 7729b8a5-b92e-46e0-a8e4-a3d4d097749f
An exception of type 'System.Web.HttpParseException' occurred and was caught.
-----------------------------------------------------------------------------
12/05/2012 13:14:55
Type : System.Web.HttpParseException, System.Web, Version=4.0.0.0, Culture=neutral, PublicKeyToken=b03f5f7f11d50a3a
Message : Cannot have more than one binding on property 'Text' on 'System.Web.UI.WebControls.Literal'. Ensure that this property is not bound through an implicit expression, for example, using meta:resourcekey.
Source : System.Web
Help link : 
FileName : Access failed
VirtualPath : 
Line : 0
ParserErrors : System.Web.ParserErrorCollection
WebEventCode : 0
ErrorCode : -2147467259
Data : System.Collections.ListDictionaryInternal
TargetSite : Void ProcessException(System.Exception)
HResult : -2147467259
Stack Trace :    at System.Web.UI.TemplateParser.ProcessException(Exception ex)
   at System.Web.UI.TemplateParser.ParseStringInternal(String text, Encoding fileEncoding)
   at System.Web.UI.TemplateParser.ParseString(String text, VirtualPath virtualPath, Encoding fileEncoding)

Additional Info:

MachineName : OSMAK
TimeStamp : 12/5/2012 11:14:55 AM
FullName : Telerik.Sitefinity.Utilities, Version=5.2.3800.0, Culture=neutral, PublicKeyToken=b28c218413bdf563
AppDomainName : /LM/W3SVC/7/ROOT-6-129991795191431940
ThreadIdentity : admin
WindowsIdentity : NT AUTHORITY\SYSTEM
Requested URL : http://localhost:8012/page-1/Action/Edit
	Inner Exception
	---------------
	Type : System.InvalidOperationException, mscorlib, Version=4.0.0.0, Culture=neutral, PublicKeyToken=b77a5c561934e089
	Message : Cannot have more than one binding on property 'Text' on 'System.Web.UI.WebControls.Literal'. Ensure that this property is not bound through an implicit expression, for example, using meta:resourcekey.
	Source : System.Web
	Help link : 
	Data : System.Collections.ListDictionaryInternal
	TargetSite : Void AddBoundProperty(System.String, System.String, System.String, System.String, System.Web.Compilation.ExpressionBuilder, System.Object, Boolean, System.String, System.String, Boolean, Boolean, Int32, Int32)
	HResult : -2146233079
	Stack Trace :    at System.Web.UI.ControlBuilder.AddBoundProperty(String filter, String name, String expressionPrefix, String expression, ExpressionBuilder expressionBuilder, Object parsedExpressionData, Boolean generated, String fieldName, String formatString, Boolean twoWayBound, Boolean encode, Int32 line, Int32 column)
	   at System.Web.UI.ControlBuilder.ProcessImplicitResources(ParsedAttributeCollection attribs)
	   at System.Web.UI.ControlBuilder.PreprocessAttributes(ParsedAttributeCollection attribs)
	   at System.Web.UI.ControlBuilder.Init(TemplateParser parser, ControlBuilder parentBuilder, Type type, String tagName, String id, IDictionary attribs)
	   at System.Web.UI.ControlBuilder.CreateBuilderFromType(TemplateParser parser, ControlBuilder parentBuilder, Type type, String tagName, String id, IDictionary attribs, Int32 line, String sourceFileName)
	   at System.Web.UI.ControlBuilder.CreateChildBuilder(String filter, String tagName, IDictionary attribs, TemplateParser parser, ControlBuilder parentBuilder, String id, Int32 line, VirtualPath virtualPath, Type& childType, Boolean defaultProperty)
	   at System.Web.UI.TemplateParser.ProcessBeginTag(Match match, String inputText)
	   at System.Web.UI.TemplateParser.ParseStringInternal(String text, Encoding fileEncoding)



Category: ErrorLog

Priority: 0

EventId: 90000

Severity: Error

Title:Enterprise Library Exception Handling

Machine: OSMAK

App Domain: /LM/W3SVC/7/ROOT-6-129991795191431940

ProcessId: 13548

Process Name: c:\windows\system32\inetsrv\w3wp.exe

Thread Name: 

Win32 ThreadId:10688

Extended Properties: 
----------------------------------------
----------------------------------------
Timestamp: 12/5/2012 11:25:19 AM

Message: HandlingInstanceID: a40e3877-cf29-404d-8ad6-f68c32287d41
An exception of type 'System.Web.HttpParseException' occurred and was caught.
-----------------------------------------------------------------------------
12/05/2012 13:25:19
Type : System.Web.HttpParseException, System.Web, Version=4.0.0.0, Culture=neutral, PublicKeyToken=b03f5f7f11d50a3a
Message : Cannot have more than one binding on property 'Text' on 'System.Web.UI.WebControls.Literal'. Ensure that this property is not bound through an implicit expression, for example, using meta:resourcekey.
Source : System.Web
Help link : 
FileName : Access failed
VirtualPath : 
Line : 0
ParserErrors : System.Web.ParserErrorCollection
WebEventCode : 0
ErrorCode : -2147467259
Data : System.Collections.ListDictionaryInternal
TargetSite : Void ProcessException(System.Exception)
HResult : -2147467259
Stack Trace :    at System.Web.UI.TemplateParser.ProcessException(Exception ex)
   at System.Web.UI.TemplateParser.ParseStringInternal(String text, Encoding fileEncoding)
   at System.Web.UI.TemplateParser.ParseString(String text, VirtualPath virtualPath, Encoding fileEncoding)

Additional Info:

MachineName : OSMAK
TimeStamp : 12/5/2012 11:25:19 AM
FullName : Telerik.Sitefinity.Utilities, Version=5.2.3800.0, Culture=neutral, PublicKeyToken=b28c218413bdf563
AppDomainName : /LM/W3SVC/7/ROOT-6-129991795191431940
ThreadIdentity : admin
WindowsIdentity : NT AUTHORITY\SYSTEM
Requested URL : http://localhost:8012/page-1/Action/Edit
	Inner Exception
	---------------
	Type : System.InvalidOperationException, mscorlib, Version=4.0.0.0, Culture=neutral, PublicKeyToken=b77a5c561934e089
	Message : Cannot have more than one binding on property 'Text' on 'System.Web.UI.WebControls.Literal'. Ensure that this property is not bound through an implicit expression, for example, using meta:resourcekey.
	Source : System.Web
	Help link : 
	Data : System.Collections.ListDictionaryInternal
	TargetSite : Void AddBoundProperty(System.String, System.String, System.String, System.String, System.Web.Compilation.ExpressionBuilder, System.Object, Boolean, System.String, System.String, Boolean, Boolean, Int32, Int32)
	HResult : -2146233079
	Stack Trace :    at System.Web.UI.ControlBuilder.AddBoundProperty(String filter, String name, String expressionPrefix, String expression, ExpressionBuilder expressionBuilder, Object parsedExpressionData, Boolean generated, String fieldName, String formatString, Boolean twoWayBound, Boolean encode, Int32 line, Int32 column)
	   at System.Web.UI.ControlBuilder.ProcessImplicitResources(ParsedAttributeCollection attribs)
	   at System.Web.UI.ControlBuilder.PreprocessAttributes(ParsedAttributeCollection attribs)
	   at System.Web.UI.ControlBuilder.Init(TemplateParser parser, ControlBuilder parentBuilder, Type type, String tagName, String id, IDictionary attribs)
	   at System.Web.UI.ControlBuilder.CreateBuilderFromType(TemplateParser parser, ControlBuilder parentBuilder, Type type, String tagName, String id, IDictionary attribs, Int32 line, String sourceFileName)
	   at System.Web.UI.ControlBuilder.CreateChildBuilder(String filter, String tagName, IDictionary attribs, TemplateParser parser, ControlBuilder parentBuilder, String id, Int32 line, VirtualPath virtualPath, Type& childType, Boolean defaultProperty)
	   at System.Web.UI.TemplateParser.ProcessBeginTag(Match match, String inputText)
	   at System.Web.UI.TemplateParser.ParseStringInternal(String text, Encoding fileEncoding)



Category: ErrorLog

Priority: 0

EventId: 90000

Severity: Error

Title:Enterprise Library Exception Handling

Machine: OSMAK

App Domain: /LM/W3SVC/7/ROOT-6-129991795191431940

ProcessId: 13548

Process Name: c:\windows\system32\inetsrv\w3wp.exe

Thread Name: 

Win32 ThreadId:12108

Extended Properties: 
----------------------------------------
----------------------------------------
Timestamp: 12/5/2012 11:26:39 AM

Message: HandlingInstanceID: 82e62d1e-870f-41e7-9989-c8169c40e242
An exception of type 'System.Web.HttpParseException' occurred and was caught.
-----------------------------------------------------------------------------
12/05/2012 13:26:39
Type : System.Web.HttpParseException, System.Web, Version=4.0.0.0, Culture=neutral, PublicKeyToken=b03f5f7f11d50a3a
Message : Cannot have more than one binding on property 'Text' on 'System.Web.UI.WebControls.Literal'. Ensure that this property is not bound through an implicit expression, for example, using meta:resourcekey.
Source : System.Web
Help link : 
FileName : Access failed
VirtualPath : 
Line : 0
ParserErrors : System.Web.ParserErrorCollection
WebEventCode : 0
ErrorCode : -2147467259
Data : System.Collections.ListDictionaryInternal
TargetSite : Void ProcessException(System.Exception)
HResult : -2147467259
Stack Trace :    at System.Web.UI.TemplateParser.ProcessException(Exception ex)
   at System.Web.UI.TemplateParser.ParseStringInternal(String text, Encoding fileEncoding)
   at System.Web.UI.TemplateParser.ParseString(String text, VirtualPath virtualPath, Encoding fileEncoding)

Additional Info:

MachineName : OSMAK
TimeStamp : 12/5/2012 11:26:39 AM
FullName : Telerik.Sitefinity.Utilities, Version=5.2.3800.0, Culture=neutral, PublicKeyToken=b28c218413bdf563
AppDomainName : /LM/W3SVC/7/ROOT-6-129991795191431940
ThreadIdentity : admin
WindowsIdentity : NT AUTHORITY\SYSTEM
Requested URL : http://localhost:8012/page-1/Action/Edit
	Inner Exception
	---------------
	Type : System.InvalidOperationException, mscorlib, Version=4.0.0.0, Culture=neutral, PublicKeyToken=b77a5c561934e089
	Message : Cannot have more than one binding on property 'Text' on 'System.Web.UI.WebControls.Literal'. Ensure that this property is not bound through an implicit expression, for example, using meta:resourcekey.
	Source : System.Web
	Help link : 
	Data : System.Collections.ListDictionaryInternal
	TargetSite : Void AddBoundProperty(System.String, System.String, System.String, System.String, System.Web.Compilation.ExpressionBuilder, System.Object, Boolean, System.String, System.String, Boolean, Boolean, Int32, Int32)
	HResult : -2146233079
	Stack Trace :    at System.Web.UI.ControlBuilder.AddBoundProperty(String filter, String name, String expressionPrefix, String expression, ExpressionBuilder expressionBuilder, Object parsedExpressionData, Boolean generated, String fieldName, String formatString, Boolean twoWayBound, Boolean encode, Int32 line, Int32 column)
	   at System.Web.UI.ControlBuilder.ProcessImplicitResources(ParsedAttributeCollection attribs)
	   at System.Web.UI.ControlBuilder.PreprocessAttributes(ParsedAttributeCollection attribs)
	   at System.Web.UI.ControlBuilder.Init(TemplateParser parser, ControlBuilder parentBuilder, Type type, String tagName, String id, IDictionary attribs)
	   at System.Web.UI.ControlBuilder.CreateBuilderFromType(TemplateParser parser, ControlBuilder parentBuilder, Type type, String tagName, String id, IDictionary attribs, Int32 line, String sourceFileName)
	   at System.Web.UI.ControlBuilder.CreateChildBuilder(String filter, String tagName, IDictionary attribs, TemplateParser parser, ControlBuilder parentBuilder, String id, Int32 line, VirtualPath virtualPath, Type& childType, Boolean defaultProperty)
	   at System.Web.UI.TemplateParser.ProcessBeginTag(Match match, String inputText)
	   at System.Web.UI.TemplateParser.ParseStringInternal(String text, Encoding fileEncoding)



Category: ErrorLog

Priority: 0

EventId: 90000

Severity: Error

Title:Enterprise Library Exception Handling

Machine: OSMAK

App Domain: /LM/W3SVC/7/ROOT-6-129991795191431940

ProcessId: 13548

Process Name: c:\windows\system32\inetsrv\w3wp.exe

Thread Name: 

Win32 ThreadId:6192

Extended Properties: 
----------------------------------------
----------------------------------------
Timestamp: 12/5/2012 11:27:24 AM

Message: HandlingInstanceID: 562ff20b-70d4-4f08-aec4-de78a6252220
An exception of type 'System.Web.HttpParseException' occurred and was caught.
-----------------------------------------------------------------------------
12/05/2012 13:27:24
Type : System.Web.HttpParseException, System.Web, Version=4.0.0.0, Culture=neutral, PublicKeyToken=b03f5f7f11d50a3a
Message : Cannot have more than one binding on property 'Text' on 'System.Web.UI.WebControls.Literal'. Ensure that this property is not bound through an implicit expression, for example, using meta:resourcekey.
Source : System.Web
Help link : 
FileName : Access failed
VirtualPath : 
Line : 0
ParserErrors : System.Web.ParserErrorCollection
WebEventCode : 0
ErrorCode : -2147467259
Data : System.Collections.ListDictionaryInternal
TargetSite : Void ProcessException(System.Exception)
HResult : -2147467259
Stack Trace :    at System.Web.UI.TemplateParser.ProcessException(Exception ex)
   at System.Web.UI.TemplateParser.ParseStringInternal(String text, Encoding fileEncoding)
   at System.Web.UI.TemplateParser.ParseString(String text, VirtualPath virtualPath, Encoding fileEncoding)

Additional Info:

MachineName : OSMAK
TimeStamp : 12/5/2012 11:27:24 AM
FullName : Telerik.Sitefinity.Utilities, Version=5.2.3800.0, Culture=neutral, PublicKeyToken=b28c218413bdf563
AppDomainName : /LM/W3SVC/7/ROOT-6-129991795191431940
ThreadIdentity : admin
WindowsIdentity : NT AUTHORITY\SYSTEM
Requested URL : http://localhost:8012/page-1/Action/Edit
	Inner Exception
	---------------
	Type : System.InvalidOperationException, mscorlib, Version=4.0.0.0, Culture=neutral, PublicKeyToken=b77a5c561934e089
	Message : Cannot have more than one binding on property 'Text' on 'System.Web.UI.WebControls.Literal'. Ensure that this property is not bound through an implicit expression, for example, using meta:resourcekey.
	Source : System.Web
	Help link : 
	Data : System.Collections.ListDictionaryInternal
	TargetSite : Void AddBoundProperty(System.String, System.String, System.String, System.String, System.Web.Compilation.ExpressionBuilder, System.Object, Boolean, System.String, System.String, Boolean, Boolean, Int32, Int32)
	HResult : -2146233079
	Stack Trace :    at System.Web.UI.ControlBuilder.AddBoundProperty(String filter, String name, String expressionPrefix, String expression, ExpressionBuilder expressionBuilder, Object parsedExpressionData, Boolean generated, String fieldName, String formatString, Boolean twoWayBound, Boolean encode, Int32 line, Int32 column)
	   at System.Web.UI.ControlBuilder.ProcessImplicitResources(ParsedAttributeCollection attribs)
	   at System.Web.UI.ControlBuilder.PreprocessAttributes(ParsedAttributeCollection attribs)
	   at System.Web.UI.ControlBuilder.Init(TemplateParser parser, ControlBuilder parentBuilder, Type type, String tagName, String id, IDictionary attribs)
	   at System.Web.UI.ControlBuilder.CreateBuilderFromType(TemplateParser parser, ControlBuilder parentBuilder, Type type, String tagName, String id, IDictionary attribs, Int32 line, String sourceFileName)
	   at System.Web.UI.ControlBuilder.CreateChildBuilder(String filter, String tagName, IDictionary attribs, TemplateParser parser, ControlBuilder parentBuilder, String id, Int32 line, VirtualPath virtualPath, Type& childType, Boolean defaultProperty)
	   at System.Web.UI.TemplateParser.ProcessBeginTag(Match match, String inputText)
	   at System.Web.UI.TemplateParser.ParseStringInternal(String text, Encoding fileEncoding)



Category: ErrorLog

Priority: 0

EventId: 90000

Severity: Error

Title:Enterprise Library Exception Handling

Machine: OSMAK

App Domain: /LM/W3SVC/7/ROOT-6-129991795191431940

ProcessId: 13548

Process Name: c:\windows\system32\inetsrv\w3wp.exe

Thread Name: 

Win32 ThreadId:5096

Extended Properties: 
----------------------------------------
----------------------------------------
Timestamp: 12/5/2012 11:27:48 AM

Message: HandlingInstanceID: eee602e4-6b8f-445d-bc04-d9d39ea36776
An exception of type 'System.Web.HttpParseException' occurred and was caught.
-----------------------------------------------------------------------------
12/05/2012 13:27:48
Type : System.Web.HttpParseException, System.Web, Version=4.0.0.0, Culture=neutral, PublicKeyToken=b03f5f7f11d50a3a
Message : Cannot have more than one binding on property 'Text' on 'System.Web.UI.WebControls.Literal'. Ensure that this property is not bound through an implicit expression, for example, using meta:resourcekey.
Source : System.Web
Help link : 
FileName : Access failed
VirtualPath : 
Line : 0
ParserErrors : System.Web.ParserErrorCollection
WebEventCode : 0
ErrorCode : -2147467259
Data : System.Collections.ListDictionaryInternal
TargetSite : Void ProcessException(System.Exception)
HResult : -2147467259
Stack Trace :    at System.Web.UI.TemplateParser.ProcessException(Exception ex)
   at System.Web.UI.TemplateParser.ParseStringInternal(String text, Encoding fileEncoding)
   at System.Web.UI.TemplateParser.ParseString(String text, VirtualPath virtualPath, Encoding fileEncoding)

Additional Info:

MachineName : OSMAK
TimeStamp : 12/5/2012 11:27:48 AM
FullName : Telerik.Sitefinity.Utilities, Version=5.2.3800.0, Culture=neutral, PublicKeyToken=b28c218413bdf563
AppDomainName : /LM/W3SVC/7/ROOT-6-129991795191431940
ThreadIdentity : admin
WindowsIdentity : NT AUTHORITY\SYSTEM
Requested URL : http://localhost:8012/page-1/Action/Edit
	Inner Exception
	---------------
	Type : System.InvalidOperationException, mscorlib, Version=4.0.0.0, Culture=neutral, PublicKeyToken=b77a5c561934e089
	Message : Cannot have more than one binding on property 'Text' on 'System.Web.UI.WebControls.Literal'. Ensure that this property is not bound through an implicit expression, for example, using meta:resourcekey.
	Source : System.Web
	Help link : 
	Data : System.Collections.ListDictionaryInternal
	TargetSite : Void AddBoundProperty(System.String, System.String, System.String, System.String, System.Web.Compilation.ExpressionBuilder, System.Object, Boolean, System.String, System.String, Boolean, Boolean, Int32, Int32)
	HResult : -2146233079
	Stack Trace :    at System.Web.UI.ControlBuilder.AddBoundProperty(String filter, String name, String expressionPrefix, String expression, ExpressionBuilder expressionBuilder, Object parsedExpressionData, Boolean generated, String fieldName, String formatString, Boolean twoWayBound, Boolean encode, Int32 line, Int32 column)
	   at System.Web.UI.ControlBuilder.ProcessImplicitResources(ParsedAttributeCollection attribs)
	   at System.Web.UI.ControlBuilder.PreprocessAttributes(ParsedAttributeCollection attribs)
	   at System.Web.UI.ControlBuilder.Init(TemplateParser parser, ControlBuilder parentBuilder, Type type, String tagName, String id, IDictionary attribs)
	   at System.Web.UI.ControlBuilder.CreateBuilderFromType(TemplateParser parser, ControlBuilder parentBuilder, Type type, String tagName, String id, IDictionary attribs, Int32 line, String sourceFileName)
	   at System.Web.UI.ControlBuilder.CreateChildBuilder(String filter, String tagName, IDictionary attribs, TemplateParser parser, ControlBuilder parentBuilder, String id, Int32 line, VirtualPath virtualPath, Type& childType, Boolean defaultProperty)
	   at System.Web.UI.TemplateParser.ProcessBeginTag(Match match, String inputText)
	   at System.Web.UI.TemplateParser.ParseStringInternal(String text, Encoding fileEncoding)



Category: ErrorLog

Priority: 0

EventId: 90000

Severity: Error

Title:Enterprise Library Exception Handling

Machine: OSMAK

App Domain: /LM/W3SVC/7/ROOT-6-129991795191431940

ProcessId: 13548

Process Name: c:\windows\system32\inetsrv\w3wp.exe

Thread Name: 

Win32 ThreadId:8088

Extended Properties: 
----------------------------------------
----------------------------------------
Timestamp: 12/5/2012 11:29:02 AM

Message: HandlingInstanceID: 912474ce-df74-473e-9f95-a6f4752f3b6a
An exception of type 'System.Web.HttpParseException' occurred and was caught.
-----------------------------------------------------------------------------
12/05/2012 13:29:02
Type : System.Web.HttpParseException, System.Web, Version=4.0.0.0, Culture=neutral, PublicKeyToken=b03f5f7f11d50a3a
Message : Cannot have more than one binding on property 'Text' on 'System.Web.UI.WebControls.Literal'. Ensure that this property is not bound through an implicit expression, for example, using meta:resourcekey.
Source : System.Web
Help link : 
FileName : Access failed
VirtualPath : 
Line : 0
ParserErrors : System.Web.ParserErrorCollection
WebEventCode : 0
ErrorCode : -2147467259
Data : System.Collections.ListDictionaryInternal
TargetSite : Void ProcessException(System.Exception)
HResult : -2147467259
Stack Trace :    at System.Web.UI.TemplateParser.ProcessException(Exception ex)
   at System.Web.UI.TemplateParser.ParseStringInternal(String text, Encoding fileEncoding)
   at System.Web.UI.TemplateParser.ParseString(String text, VirtualPath virtualPath, Encoding fileEncoding)

Additional Info:

MachineName : OSMAK
TimeStamp : 12/5/2012 11:29:02 AM
FullName : Telerik.Sitefinity.Utilities, Version=5.2.3800.0, Culture=neutral, PublicKeyToken=b28c218413bdf563
AppDomainName : /LM/W3SVC/7/ROOT-6-129991795191431940
ThreadIdentity : admin
WindowsIdentity : NT AUTHORITY\SYSTEM
Requested URL : http://localhost:8012/page-1/Action/Edit
	Inner Exception
	---------------
	Type : System.InvalidOperationException, mscorlib, Version=4.0.0.0, Culture=neutral, PublicKeyToken=b77a5c561934e089
	Message : Cannot have more than one binding on property 'Text' on 'System.Web.UI.WebControls.Literal'. Ensure that this property is not bound through an implicit expression, for example, using meta:resourcekey.
	Source : System.Web
	Help link : 
	Data : System.Collections.ListDictionaryInternal
	TargetSite : Void AddBoundProperty(System.String, System.String, System.String, System.String, System.Web.Compilation.ExpressionBuilder, System.Object, Boolean, System.String, System.String, Boolean, Boolean, Int32, Int32)
	HResult : -2146233079
	Stack Trace :    at System.Web.UI.ControlBuilder.AddBoundProperty(String filter, String name, String expressionPrefix, String expression, ExpressionBuilder expressionBuilder, Object parsedExpressionData, Boolean generated, String fieldName, String formatString, Boolean twoWayBound, Boolean encode, Int32 line, Int32 column)
	   at System.Web.UI.ControlBuilder.ProcessImplicitResources(ParsedAttributeCollection attribs)
	   at System.Web.UI.ControlBuilder.PreprocessAttributes(ParsedAttributeCollection attribs)
	   at System.Web.UI.ControlBuilder.Init(TemplateParser parser, ControlBuilder parentBuilder, Type type, String tagName, String id, IDictionary attribs)
	   at System.Web.UI.ControlBuilder.CreateBuilderFromType(TemplateParser parser, ControlBuilder parentBuilder, Type type, String tagName, String id, IDictionary attribs, Int32 line, String sourceFileName)
	   at System.Web.UI.ControlBuilder.CreateChildBuilder(String filter, String tagName, IDictionary attribs, TemplateParser parser, ControlBuilder parentBuilder, String id, Int32 line, VirtualPath virtualPath, Type& childType, Boolean defaultProperty)
	   at System.Web.UI.TemplateParser.ProcessBeginTag(Match match, String inputText)
	   at System.Web.UI.TemplateParser.ParseStringInternal(String text, Encoding fileEncoding)



Category: ErrorLog

Priority: 0

EventId: 90000

Severity: Error

Title:Enterprise Library Exception Handling

Machine: OSMAK

App Domain: /LM/W3SVC/7/ROOT-6-129991795191431940

ProcessId: 13548

Process Name: c:\windows\system32\inetsrv\w3wp.exe

Thread Name: 

Win32 ThreadId:10996

Extended Properties: 
----------------------------------------
----------------------------------------
Timestamp: 12/5/2012 11:29:23 AM

Message: HandlingInstanceID: eb2c8729-4766-44c8-932c-9b81c91242ff
An exception of type 'System.Web.HttpParseException' occurred and was caught.
-----------------------------------------------------------------------------
12/05/2012 13:29:23
Type : System.Web.HttpParseException, System.Web, Version=4.0.0.0, Culture=neutral, PublicKeyToken=b03f5f7f11d50a3a
Message : Cannot have more than one binding on property 'Text' on 'System.Web.UI.WebControls.Literal'. Ensure that this property is not bound through an implicit expression, for example, using meta:resourcekey.
Source : System.Web
Help link : 
FileName : Access failed
VirtualPath : 
Line : 0
ParserErrors : System.Web.ParserErrorCollection
WebEventCode : 0
ErrorCode : -2147467259
Data : System.Collections.ListDictionaryInternal
TargetSite : Void ProcessException(System.Exception)
HResult : -2147467259
Stack Trace :    at System.Web.UI.TemplateParser.ProcessException(Exception ex)
   at System.Web.UI.TemplateParser.ParseStringInternal(String text, Encoding fileEncoding)
   at System.Web.UI.TemplateParser.ParseString(String text, VirtualPath virtualPath, Encoding fileEncoding)

Additional Info:

MachineName : OSMAK
TimeStamp : 12/5/2012 11:29:23 AM
FullName : Telerik.Sitefinity.Utilities, Version=5.2.3800.0, Culture=neutral, PublicKeyToken=b28c218413bdf563
AppDomainName : /LM/W3SVC/7/ROOT-6-129991795191431940
ThreadIdentity : admin
WindowsIdentity : NT AUTHORITY\SYSTEM
Requested URL : http://localhost:8012/page-1/Action/Edit
	Inner Exception
	---------------
	Type : System.InvalidOperationException, mscorlib, Version=4.0.0.0, Culture=neutral, PublicKeyToken=b77a5c561934e089
	Message : Cannot have more than one binding on property 'Text' on 'System.Web.UI.WebControls.Literal'. Ensure that this property is not bound through an implicit expression, for example, using meta:resourcekey.
	Source : System.Web
	Help link : 
	Data : System.Collections.ListDictionaryInternal
	TargetSite : Void AddBoundProperty(System.String, System.String, System.String, System.String, System.Web.Compilation.ExpressionBuilder, System.Object, Boolean, System.String, System.String, Boolean, Boolean, Int32, Int32)
	HResult : -2146233079
	Stack Trace :    at System.Web.UI.ControlBuilder.AddBoundProperty(String filter, String name, String expressionPrefix, String expression, ExpressionBuilder expressionBuilder, Object parsedExpressionData, Boolean generated, String fieldName, String formatString, Boolean twoWayBound, Boolean encode, Int32 line, Int32 column)
	   at System.Web.UI.ControlBuilder.ProcessImplicitResources(ParsedAttributeCollection attribs)
	   at System.Web.UI.ControlBuilder.PreprocessAttributes(ParsedAttributeCollection attribs)
	   at System.Web.UI.ControlBuilder.Init(TemplateParser parser, ControlBuilder parentBuilder, Type type, String tagName, String id, IDictionary attribs)
	   at System.Web.UI.ControlBuilder.CreateBuilderFromType(TemplateParser parser, ControlBuilder parentBuilder, Type type, String tagName, String id, IDictionary attribs, Int32 line, String sourceFileName)
	   at System.Web.UI.ControlBuilder.CreateChildBuilder(String filter, String tagName, IDictionary attribs, TemplateParser parser, ControlBuilder parentBuilder, String id, Int32 line, VirtualPath virtualPath, Type& childType, Boolean defaultProperty)
	   at System.Web.UI.TemplateParser.ProcessBeginTag(Match match, String inputText)
	   at System.Web.UI.TemplateParser.ParseStringInternal(String text, Encoding fileEncoding)



Category: ErrorLog

Priority: 0

EventId: 90000

Severity: Error

Title:Enterprise Library Exception Handling

Machine: OSMAK

App Domain: /LM/W3SVC/7/ROOT-6-129991795191431940

ProcessId: 13548

Process Name: c:\windows\system32\inetsrv\w3wp.exe

Thread Name: 

Win32 ThreadId:10996

Extended Properties: 
----------------------------------------
----------------------------------------
Timestamp: 12/5/2012 11:30:24 AM

Message: HandlingInstanceID: 82596ee9-90f1-45b6-b2c2-ed077632af9b
An exception of type 'System.NullReferenceException' occurred and was caught.
-----------------------------------------------------------------------------
12/05/2012 13:30:24
Type : System.NullReferenceException, mscorlib, Version=4.0.0.0, Culture=neutral, PublicKeyToken=b77a5c561934e089
Message : Object reference not set to an instance of an object.
Source : SitefinityWebApp
Help link : 
Data : System.Collections.ListDictionaryInternal
TargetSite : System.Object GetObject(System.String, System.Globalization.CultureInfo)
HResult : -2147467261
Stack Trace :    at SitefinityWebApp.Patches.ImplicitLocalization.LocalResourceProvider2.GetObject(String resourceKey, CultureInfo culture) in c:\SitefinityPatches\implicit-localization-patch\Patches\ImplicitLocalization\LocalResourceProvider2.cs:line 92
   at System.Web.Compilation.ResourceExpressionBuilder.GetResourceObject(IResourceProvider resourceProvider, String resourceKey, CultureInfo culture, Type objType, String propName)
   at System.Web.UI.TemplateControl.GetLocalResourceObject(String resourceKey)
   at ASP.app_master_default_master.__BuildControlliteral1()
   at ASP.app_master_default_master.__BuildControlform1()
   at ASP.app_master_default_master.__BuildControlTree(app_master_default_master __ctrl)
   at System.Web.UI.MasterPage.CreateMaster(TemplateControl owner, HttpContext context, VirtualPath masterPageFile, IDictionary contentTemplateCollection)
   at System.Web.UI.Page.ApplyMasterPage()
   at System.Web.UI.Page.PerformPreInit()
   at System.Web.UI.Page.ProcessRequestMain(Boolean includeStagesBeforeAsyncPoint, Boolean includeStagesAfterAsyncPoint)

Additional Info:

MachineName : OSMAK
TimeStamp : 12/5/2012 11:30:24 AM
FullName : Telerik.Sitefinity.Utilities, Version=5.2.3800.0, Culture=neutral, PublicKeyToken=b28c218413bdf563
AppDomainName : /LM/W3SVC/7/ROOT-7-129991805983551940
ThreadIdentity : admin
WindowsIdentity : NT AUTHORITY\SYSTEM
Requested URL : http://localhost:8012/page-1/Action/Edit


Category: ErrorLog

Priority: 0

EventId: 90000

Severity: Error

Title:Enterprise Library Exception Handling

Machine: OSMAK

App Domain: /LM/W3SVC/7/ROOT-7-129991805983551940

ProcessId: 13548

Process Name: c:\windows\system32\inetsrv\w3wp.exe

Thread Name: 

Win32 ThreadId:10268

Extended Properties: 
----------------------------------------
----------------------------------------
Timestamp: 12/5/2012 11:30:53 AM

Message: HandlingInstanceID: d5c4e3d5-525f-44b7-8bce-d9a557c8b03a
An exception of type 'System.NullReferenceException' occurred and was caught.
-----------------------------------------------------------------------------
12/05/2012 13:30:53
Type : System.NullReferenceException, mscorlib, Version=4.0.0.0, Culture=neutral, PublicKeyToken=b77a5c561934e089
Message : Object reference not set to an instance of an object.
Source : SitefinityWebApp
Help link : 
Data : System.Collections.ListDictionaryInternal
TargetSite : System.Object GetObject(System.String, System.Globalization.CultureInfo)
HResult : -2147467261
Stack Trace :    at SitefinityWebApp.Patches.ImplicitLocalization.LocalResourceProvider2.GetObject(String resourceKey, CultureInfo culture) in c:\SitefinityPatches\implicit-localization-patch\Patches\ImplicitLocalization\LocalResourceProvider2.cs:line 92
   at System.Web.Compilation.ResourceExpressionBuilder.GetResourceObject(IResourceProvider resourceProvider, String resourceKey, CultureInfo culture, Type objType, String propName)
   at System.Web.UI.TemplateControl.GetLocalResourceObject(String resourceKey)
   at ASP.app_master_default_master.__BuildControlliteral1()
   at ASP.app_master_default_master.__BuildControlform1()
   at ASP.app_master_default_master.__BuildControlTree(app_master_default_master __ctrl)
   at System.Web.UI.MasterPage.CreateMaster(TemplateControl owner, HttpContext context, VirtualPath masterPageFile, IDictionary contentTemplateCollection)
   at System.Web.UI.Page.ApplyMasterPage()
   at System.Web.UI.Page.PerformPreInit()
   at System.Web.UI.Page.ProcessRequestMain(Boolean includeStagesBeforeAsyncPoint, Boolean includeStagesAfterAsyncPoint)

Additional Info:

MachineName : OSMAK
TimeStamp : 12/5/2012 11:30:53 AM
FullName : Telerik.Sitefinity.Utilities, Version=5.2.3800.0, Culture=neutral, PublicKeyToken=b28c218413bdf563
AppDomainName : /LM/W3SVC/7/ROOT-7-129991805983551940
ThreadIdentity : admin
WindowsIdentity : NT AUTHORITY\SYSTEM
Requested URL : http://localhost:8012/page-1/Action/Edit


Category: ErrorLog

Priority: 0

EventId: 90000

Severity: Error

Title:Enterprise Library Exception Handling

Machine: OSMAK

App Domain: /LM/W3SVC/7/ROOT-7-129991805983551940

ProcessId: 13548

Process Name: c:\windows\system32\inetsrv\w3wp.exe

Thread Name: 

Win32 ThreadId:13464

Extended Properties: 
----------------------------------------
