----------------------------------------
Timestamp: 12/5/2012 10:58:09 AM

Message: Background task scheduler shut down


----------------------------------------
----------------------------------------
Timestamp: 12/5/2012 10:58:09 AM

Message: Shutting down threadpool...


----------------------------------------
----------------------------------------
Timestamp: 12/5/2012 10:58:09 AM

Message: Thread pool 'ThreadPool': Shutdown of thread pool completed. All currently running threads will finish their work and stop.


----------------------------------------
----------------------------------------
Timestamp: 12/5/2012 10:58:09 AM

Message: WorkerThread is shut down


----------------------------------------
----------------------------------------
Timestamp: 12/5/2012 10:58:10 AM

Message: WorkerThread is shut down


----------------------------------------
----------------------------------------
Timestamp: 12/5/2012 10:58:10 AM

Message: WorkerThread is shut down


----------------------------------------
----------------------------------------
Timestamp: 12/5/2012 10:58:10 AM

Message: WorkerThread is shut down


----------------------------------------
----------------------------------------
Timestamp: 12/5/2012 10:58:39 AM

Message: Shutting down threadpool...


----------------------------------------
----------------------------------------
Timestamp: 12/5/2012 10:58:39 AM

Message: Thread pool 'ThreadPool': Shutdown of thread pool completed. Threads aborted.


----------------------------------------
